2017-04-24 16:38:53,978 INFO o.a.j.u.JMeterUtils: Setting Locale to en_US
2017-04-24 16:38:53,986 INFO o.a.j.JMeter: Loading user properties from: D:\EclipseDirectory\OpenSourceWorkSpace\jmeter-demo\apache-jmeter\bin\user.properties
2017-04-24 16:38:53,987 INFO o.a.j.JMeter: Loading system properties from: D:\EclipseDirectory\OpenSourceWorkSpace\jmeter-demo\apache-jmeter\bin\system.properties
2017-04-24 16:38:53,987 INFO o.a.j.JMeter: Setting JMeter property: users=1
2017-04-24 16:38:53,987 INFO o.a.j.JMeter: Setting JMeter property: duration=30
2017-04-24 16:38:53,990 INFO o.a.j.JMeter: Copyright (c) 1998-2017 The Apache Software Foundation
2017-04-24 16:38:53,990 INFO o.a.j.JMeter: Version 3.2 r1790748
2017-04-24 16:38:53,990 INFO o.a.j.JMeter: java.version=1.8.0_121
2017-04-24 16:38:53,990 INFO o.a.j.JMeter: java.vm.name=Java HotSpot(TM) 64-Bit Server VM
2017-04-24 16:38:53,990 INFO o.a.j.JMeter: os.name=Windows 10
2017-04-24 16:38:53,990 INFO o.a.j.JMeter: os.arch=amd64
2017-04-24 16:38:53,990 INFO o.a.j.JMeter: os.version=10.0
2017-04-24 16:38:53,990 INFO o.a.j.JMeter: file.encoding=GBK
2017-04-24 16:38:53,991 INFO o.a.j.JMeter: Max memory     =3801088000
2017-04-24 16:38:53,991 INFO o.a.j.JMeter: Available Processors =8
2017-04-24 16:38:53,993 INFO o.a.j.JMeter: Default Locale=English (United States)
2017-04-24 16:38:53,993 INFO o.a.j.JMeter: JMeter  Locale=English (United States)
2017-04-24 16:38:53,993 INFO o.a.j.JMeter: JMeterHome=D:\EclipseDirectory\OpenSourceWorkSpace\jmeter-demo\apache-jmeter
2017-04-24 16:38:53,993 INFO o.a.j.JMeter: user.dir  =D:\EclipseDirectory\OpenSourceWorkSpace\jmeter-demo
2017-04-24 16:38:53,994 INFO o.a.j.JMeter: PWD       =D:\EclipseDirectory\OpenSourceWorkSpace\jmeter-demo
2017-04-24 16:38:53,997 INFO o.a.j.JMeter: IP: 10.169.1.102 Name: ParisHuang FullName: browserstack.com
2017-04-24 16:38:53,998 INFO o.a.j.JMeter: Setting property 'jmeter.reportgenerator.outputdir' to:'D:\EclipseDirectory\OpenSourceWorkSpace\jmeter-demo\output\2017-04-24_163853'
2017-04-24 16:38:53,999 INFO o.a.j.s.FileServer: Default base='D:\EclipseDirectory\OpenSourceWorkSpace\jmeter-demo'
2017-04-24 16:38:53,999 INFO o.a.j.s.FileServer: Set new base='D:\EclipseDirectory\OpenSourceWorkSpace\jmeter-demo\src\test\resources\jmx_file'
2017-04-24 16:38:54,065 INFO o.a.j.s.SaveService: Testplan (JMX) version: 2.2. Testlog (JTL) version: 2.2
2017-04-24 16:38:54,075 INFO o.a.j.s.SaveService: Using SaveService properties file encoding UTF-8
2017-04-24 16:38:54,079 INFO o.a.j.s.SaveService: Using SaveService properties version 3.2
2017-04-24 16:38:54,084 INFO o.a.j.s.SaveService: Loading file: src\test\resources\jmx_file\baidu.jmx
2017-04-24 16:38:54,112 INFO o.a.j.p.h.c.CookieManager: Settings: Delete null: true Check: true Allow variable: true Save: false Prefix: COOKIE_
2017-04-24 16:38:54,113 INFO o.a.j.p.h.c.CacheManager: Will only cache the following methods: [GET]
2017-04-24 16:38:54,123 INFO o.a.j.p.h.s.HTTPSamplerBase: Parser for text/html is org.apache.jmeter.protocol.http.parser.LagartoBasedHtmlParser
2017-04-24 16:38:54,123 INFO o.a.j.p.h.s.HTTPSamplerBase: Parser for application/xhtml+xml is org.apache.jmeter.protocol.http.parser.LagartoBasedHtmlParser
2017-04-24 16:38:54,123 INFO o.a.j.p.h.s.HTTPSamplerBase: Parser for application/xml is org.apache.jmeter.protocol.http.parser.LagartoBasedHtmlParser
2017-04-24 16:38:54,123 INFO o.a.j.p.h.s.HTTPSamplerBase: Parser for text/xml is org.apache.jmeter.protocol.http.parser.LagartoBasedHtmlParser
2017-04-24 16:38:54,123 INFO o.a.j.p.h.s.HTTPSamplerBase: Parser for text/vnd.wap.wml is org.apache.jmeter.protocol.http.parser.RegexpHTMLParser
2017-04-24 16:38:54,124 INFO o.a.j.p.h.s.HTTPSamplerBase: Parser for text/css is org.apache.jmeter.protocol.http.parser.CssParser
2017-04-24 16:38:54,172 INFO o.a.j.JMeter: Creating summariser <summary>
2017-04-24 16:38:54,172 INFO o.a.j.r.d.ReportGenerator: ReportGenerator will use for Parsing the separator: ','
2017-04-24 16:38:54,172 INFO o.a.j.r.d.ReportGenerator: Will generate report at end of test from  results file: log/2017-04-24_163853/log
2017-04-24 16:38:54,172 INFO o.a.j.r.d.ReportGenerator: Reading report generator properties from: D:\EclipseDirectory\OpenSourceWorkSpace\jmeter-demo\apache-jmeter\bin\reportgenerator.properties
2017-04-24 16:38:54,172 INFO o.a.j.r.d.ReportGenerator: Merging with JMeter properties
2017-04-24 16:38:54,172 INFO o.a.j.r.c.ReportGeneratorConfiguration: Property 'jmeter.reportgenerator.temp_dir' not found, using default value 'temp' instead.
2017-04-24 16:38:54,188 INFO o.a.j.r.c.ReportGeneratorConfiguration: Property 'jmeter.reportgenerator.apdex_per_transaction' not found, using default value 'null' instead.
2017-04-24 16:38:54,188 INFO o.a.j.r.c.ReportGeneratorConfiguration: apdex_per_transaction : {} is empty, not APDEX per transaction customization
2017-04-24 16:38:54,188 INFO o.a.j.r.c.ReportGeneratorConfiguration: Property 'jmeter.reportgenerator.sample_filter' not found, using default value 'null' instead.
2017-04-24 16:38:54,188 INFO o.a.j.r.c.ReportGeneratorConfiguration: Property 'jmeter.reportgenerator.report_title' not found, using default value 'null' instead.
2017-04-24 16:38:54,188 INFO o.a.j.r.c.ReportGeneratorConfiguration: Property 'jmeter.reportgenerator.start_date' not found, using default value 'null' instead.
2017-04-24 16:38:54,188 INFO o.a.j.r.c.ReportGeneratorConfiguration: Property 'jmeter.reportgenerator.end_date' not found, using default value 'null' instead.
2017-04-24 16:38:54,188 INFO o.a.j.r.c.ReportGeneratorConfiguration: Property 'jmeter.reportgenerator.date_format' not found, using default value 'null' instead.
2017-04-24 16:38:54,188 INFO o.a.j.r.c.ReportGeneratorConfiguration: Will use date range start date: null, end date: null
2017-04-24 16:38:54,188 INFO o.a.j.r.c.ReportGeneratorConfiguration: Property 'jmeter.reportgenerator.graph.activeThreadsOverTime.exclude_controllers' not found, using default value 'false' instead.
2017-04-24 16:38:54,188 INFO o.a.j.r.c.ReportGeneratorConfiguration: Property 'jmeter.reportgenerator.graph.timeVsThreads.exclude_controllers' not found, using default value 'false' instead.
2017-04-24 16:38:54,188 INFO o.a.j.r.c.ReportGeneratorConfiguration: Property 'jmeter.reportgenerator.graph.responseTimeDistribution.exclude_controllers' not found, using default value 'false' instead.
2017-04-24 16:38:54,188 INFO o.a.j.r.c.ReportGeneratorConfiguration: Property 'jmeter.reportgenerator.graph.transactionsPerSecond.exclude_controllers' not found, using default value 'false' instead.
2017-04-24 16:38:54,188 INFO o.a.j.r.c.ReportGeneratorConfiguration: Property 'jmeter.reportgenerator.graph.responseTimePercentiles.exclude_controllers' not found, using default value 'false' instead.
2017-04-24 16:38:54,188 INFO o.a.j.r.c.ReportGeneratorConfiguration: Property 'jmeter.reportgenerator.graph.responseTimePercentilesOverTime.exclude_controllers' not found, using default value 'false' instead.
2017-04-24 16:38:54,188 INFO o.a.j.r.c.ReportGeneratorConfiguration: Property 'jmeter.reportgenerator.graph.responseTimesOverTime.exclude_controllers' not found, using default value 'false' instead.
2017-04-24 16:38:54,188 INFO o.a.j.r.c.ReportGeneratorConfiguration: Property 'jmeter.reportgenerator.graph.connectTimeOverTime.exclude_controllers' not found, using default value 'false' instead.
2017-04-24 16:38:54,188 INFO o.a.j.r.c.ReportGeneratorConfiguration: Property 'jmeter.reportgenerator.graph.latenciesOverTime.exclude_controllers' not found, using default value 'false' instead.
2017-04-24 16:38:54,188 INFO o.a.j.r.c.ReportGeneratorConfiguration: Property 'jmeter.reportgenerator.exporter.html.filters_only_sample_series' not found, using default value 'true' instead.
2017-04-24 16:38:54,188 INFO o.a.j.r.c.ReportGeneratorConfiguration: Property 'jmeter.reportgenerator.exporter.html.series_filter' not found, using default value '' instead.
2017-04-24 16:38:54,188 INFO o.a.j.r.c.ReportGeneratorConfiguration: Property 'jmeter.reportgenerator.exporter.html.show_controllers_only' not found, using default value 'false' instead.
2017-04-24 16:38:54,188 INFO o.a.j.e.StandardJMeterEngine: Running the test!
2017-04-24 16:38:54,188 INFO o.a.j.s.SampleEvent: List of sample_variables: []
2017-04-24 16:38:54,188 INFO o.a.j.s.SampleEvent: List of sample_variables: []
2017-04-24 16:38:54,204 INFO o.a.j.e.u.CompoundVariable: Note: Function class names must contain the string: '.functions.'
2017-04-24 16:38:54,204 INFO o.a.j.e.u.CompoundVariable: Note: Function class names must not contain the string: '.gui.'
2017-04-24 16:38:54,409 ERROR o.a.j.p.h.c.CookieManager: Unable to load or invoke class: org.apache.jmeter.protocol.http.control.HC3CookieHandler
org.apache.jorphan.util.JMeterException: java.lang.ClassNotFoundException: org.apache.jmeter.protocol.http.control.HC3CookieHandler
	at org.apache.jorphan.reflect.ClassTools.construct(ClassTools.java:92) ~[jorphan.jar:3.2 r1790748]
	at org.apache.jmeter.protocol.http.control.CookieManager.testStarted(CookieManager.java:415) [ApacheJMeter_http.jar:3.2 r1790748]
	at org.apache.jmeter.engine.StandardJMeterEngine.notifyTestListenersOfStart(StandardJMeterEngine.java:218) [ApacheJMeter_core.jar:3.2 r1790748]
	at org.apache.jmeter.engine.StandardJMeterEngine.run(StandardJMeterEngine.java:388) [ApacheJMeter_core.jar:3.2 r1790748]
	at java.lang.Thread.run(Thread.java:745) [?:1.8.0_121]
Caused by: java.lang.ClassNotFoundException: org.apache.jmeter.protocol.http.control.HC3CookieHandler
	at java.net.URLClassLoader.findClass(URLClassLoader.java:381) ~[?:1.8.0_121]
	at java.lang.ClassLoader.loadClass(ClassLoader.java:424) ~[?:1.8.0_121]
	at java.lang.ClassLoader.loadClass(ClassLoader.java:357) ~[?:1.8.0_121]
	at java.lang.Class.forName0(Native Method) ~[?:1.8.0_121]
	at java.lang.Class.forName(Class.java:264) ~[?:1.8.0_121]
	at org.apache.jorphan.reflect.ClassTools.construct(ClassTools.java:86) ~[jorphan.jar:3.2 r1790748]
	... 4 more
2017-04-24 16:38:54,409 INFO o.a.j.r.ResultCollector: Folder at D:\EclipseDirectory\OpenSourceWorkSpace\jmeter-demo\log\2017-04-24_163853 was created
2017-04-24 16:38:54,409 INFO o.a.j.JMeter: Running test (1493023134409)
2017-04-24 16:38:54,456 INFO o.a.j.e.StandardJMeterEngine: Starting ThreadGroup: 1 : Thread Group
2017-04-24 16:38:54,456 INFO o.a.j.e.StandardJMeterEngine: Starting 1 threads for group Thread Group.
2017-04-24 16:38:54,456 INFO o.a.j.e.StandardJMeterEngine: Thread will continue on error
2017-04-24 16:38:54,456 INFO o.a.j.t.ThreadGroup: Starting thread group... number=1 threads=1 ramp-up=1 perThread=1000.0 delayedStart=false
2017-04-24 16:38:54,461 INFO o.a.j.t.ThreadGroup: Started thread group number 1
2017-04-24 16:38:54,461 INFO o.a.j.e.StandardJMeterEngine: All thread groups have been started
2017-04-24 16:38:54,463 INFO o.a.j.t.JMeterThread: Thread started: Thread Group 1-1
2017-04-24 16:38:54,475 INFO o.a.j.p.h.s.HTTPHCAbstractImpl: Local host = ParisHuang
2017-04-24 16:38:54,478 INFO o.a.j.p.h.s.HTTPHC4Impl: HTTP request retry count = 0
2017-04-24 16:38:54,484 INFO o.a.j.s.SampleResult: Note: Sample TimeStamps are START times
2017-04-24 16:38:54,484 INFO o.a.j.s.SampleResult: sampleresult.default.encoding is set to ISO-8859-1
2017-04-24 16:38:54,484 INFO o.a.j.s.SampleResult: sampleresult.useNanoTime=true
2017-04-24 16:38:54,484 INFO o.a.j.s.SampleResult: sampleresult.nanoThreadSleep=5000
2017-04-24 16:39:00,335 INFO o.a.j.r.Summariser: summary +     24 in 00:00:06 =    4.1/s Avg:     0 Min:     0 Max:     0 Err:    24 (100.00%) Active: 1 Started: 1 Finished: 0
2017-04-24 16:39:24,457 INFO o.a.j.t.JMeterThread: Stopping because end time detected by thread: Thread Group 1-1
2017-04-24 16:39:24,457 INFO o.a.j.t.JMeterThread: Thread finished: Thread Group 1-1
2017-04-24 16:39:24,458 INFO o.a.j.e.StandardJMeterEngine: Notifying test listeners of end of test
2017-04-24 16:39:24,459 INFO o.a.j.p.h.s.ResourcesDownloader: Creating ResourcesDownloader with keepalive_inseconds : 60
2017-04-24 16:39:24,460 INFO o.a.j.r.Summariser: summary +    112 in 00:00:24 =    4.6/s Avg:     0 Min:     0 Max:     0 Err:   112 (100.00%) Active: 0 Started: 1 Finished: 1
2017-04-24 16:39:24,460 INFO o.a.j.r.Summariser: summary =    136 in 00:00:30 =    4.5/s Avg:     0 Min:     0 Max:     0 Err:   136 (100.00%)
2017-04-24 16:39:24,460 INFO o.a.j.JMeter: Generating Dashboard
2017-04-24 16:39:24,460 INFO o.a.j.r.d.ReportGenerator: Flushing result collector before report Generation
2017-04-24 16:39:24,467 INFO o.a.j.r.p.NormalizerSampleConsumer: Using format, 'ms', to parse timeStamp field
2017-04-24 16:39:24,577 INFO o.a.j.r.p.AbstractSampleConsumer: class org.apache.jmeter.report.processor.AggregateConsumer#stopProducing(): beginDate produced 0 samples
2017-04-24 16:39:24,577 INFO o.a.j.r.p.AbstractSampleConsumer: class org.apache.jmeter.report.processor.AggregateConsumer#stopProducing(): endDate produced 0 samples
2017-04-24 16:39:24,578 INFO o.a.j.r.p.AbstractSampleConsumer: class org.apache.jmeter.report.processor.ApdexSummaryConsumer#stopProducing(): apdexSummary produced 0 samples
2017-04-24 16:39:24,578 INFO o.a.j.r.p.AbstractSampleConsumer: class org.apache.jmeter.report.processor.RequestsSummaryConsumer#stopProducing(): requestsSummary produced 0 samples
2017-04-24 16:39:24,582 INFO o.a.j.r.p.AbstractSampleConsumer: class org.apache.jmeter.report.processor.StatisticsSummaryConsumer#stopProducing(): statisticsSummary produced 0 samples
2017-04-24 16:39:24,582 INFO o.a.j.r.p.AbstractSampleConsumer: class org.apache.jmeter.report.processor.Top5ErrorsBySamplerConsumer#stopProducing(): top5ErrorsBySampler produced 0 samples
2017-04-24 16:39:24,583 INFO o.a.j.r.p.AbstractSampleConsumer: class org.apache.jmeter.report.processor.ErrorsSummaryConsumer#stopProducing(): errorsSummary produced 0 samples
2017-04-24 16:39:24,583 INFO o.a.j.r.p.AbstractSampleConsumer: class org.apache.jmeter.report.processor.graph.impl.HitsPerSecondGraphConsumer#stopProducing(): hitsPerSecond produced 0 samples
2017-04-24 16:39:24,598 INFO o.a.j.r.p.AbstractSampleConsumer: class org.apache.jmeter.report.processor.graph.impl.LatencyVSRequestGraphConsumer#stopProducing(): latencyVsRequest produced 0 samples
2017-04-24 16:39:24,598 INFO o.a.j.r.p.AbstractSampleConsumer: class org.apache.jmeter.report.processor.graph.impl.SyntheticResponseTimeDistributionGraphConsumer#stopProducing(): syntheticResponseTimeDistribution produced 0 samples
2017-04-24 16:39:24,598 INFO o.a.j.r.p.AbstractSampleConsumer: class org.apache.jmeter.report.processor.graph.impl.BytesThroughputGraphConsumer#stopProducing(): bytesThroughputOverTime produced 0 samples
2017-04-24 16:39:24,598 INFO o.a.j.r.p.AbstractSampleConsumer: class org.apache.jmeter.report.processor.graph.impl.CodesPerSecondGraphConsumer#stopProducing(): codesPerSecond produced 0 samples
2017-04-24 16:39:24,603 INFO o.a.j.r.p.AbstractSampleConsumer: class org.apache.jmeter.report.processor.graph.impl.ResponseTimeVSRequestGraphConsumer#stopProducing(): responseTimeVsRequest produced 0 samples
2017-04-24 16:39:24,603 INFO o.a.j.r.p.AbstractSampleConsumer: class org.apache.jmeter.report.processor.FilterConsumer#stopProducing(): startIntervalControlerFilter produced 952 samples
2017-04-24 16:39:24,603 INFO o.a.j.r.p.AbstractSampleConsumer: class org.apache.jmeter.report.processor.graph.impl.ActiveThreadsGraphConsumer#stopProducing(): activeThreadsOverTime produced 0 samples
2017-04-24 16:39:24,603 INFO o.a.j.r.p.AbstractSampleConsumer: class org.apache.jmeter.report.processor.graph.impl.TimeVSThreadGraphConsumer#stopProducing(): timeVsThreads produced 0 samples
2017-04-24 16:39:24,603 INFO o.a.j.r.p.AbstractSampleConsumer: class org.apache.jmeter.report.processor.graph.impl.ResponseTimeDistributionGraphConsumer#stopProducing(): responseTimeDistribution produced 0 samples
2017-04-24 16:39:24,603 INFO o.a.j.r.p.AbstractSampleConsumer: class org.apache.jmeter.report.processor.graph.impl.TransactionsPerSecondGraphConsumer#stopProducing(): transactionsPerSecond produced 0 samples
2017-04-24 16:39:24,603 INFO o.a.j.r.p.AbstractSampleConsumer: class org.apache.jmeter.report.processor.graph.impl.ResponseTimePercentilesGraphConsumer#stopProducing(): responseTimePercentiles produced 0 samples
2017-04-24 16:39:24,605 INFO o.a.j.r.p.AbstractSampleConsumer: class org.apache.jmeter.report.processor.graph.impl.ResponseTimePercentilesOverTimeGraphConsumer#stopProducing(): responseTimePercentilesOverTime produced 0 samples
2017-04-24 16:39:24,605 INFO o.a.j.r.p.AbstractSampleConsumer: class org.apache.jmeter.report.processor.graph.impl.ResponseTimeOverTimeGraphConsumer#stopProducing(): responseTimesOverTime produced 0 samples
2017-04-24 16:39:24,605 INFO o.a.j.r.p.AbstractSampleConsumer: class org.apache.jmeter.report.processor.graph.impl.ConnectTimeOverTimeGraphConsumer#stopProducing(): connectTimeOverTime produced 0 samples
2017-04-24 16:39:24,605 INFO o.a.j.r.p.AbstractSampleConsumer: class org.apache.jmeter.report.processor.graph.impl.LatencyOverTimeGraphConsumer#stopProducing(): latenciesOverTime produced 0 samples
2017-04-24 16:39:24,605 INFO o.a.j.r.p.AbstractSampleConsumer: class org.apache.jmeter.report.processor.FilterConsumer#stopProducing(): nameFilter produced 1904 samples
2017-04-24 16:39:24,605 INFO o.a.j.r.p.AbstractSampleConsumer: class org.apache.jmeter.report.processor.FilterConsumer#stopProducing(): dateRangeFilter produced 408 samples
2017-04-24 16:39:24,605 INFO o.a.j.r.p.AbstractSampleConsumer: class org.apache.jmeter.report.processor.NormalizerSampleConsumer#stopProducing(): normalizer produced 136 samples
2017-04-24 16:39:24,606 INFO o.a.j.r.p.CsvFileSampleSource: produce(): 136 samples produced in 125ms on channel 0
2017-04-24 16:39:24,606 INFO o.a.j.r.d.ReportGenerator: Exporting data using exporter:'html' of className:'org.apache.jmeter.report.dashboard.HtmlTemplateExporter'
2017-04-24 16:39:24,609 INFO o.a.j.r.d.HtmlTemplateExporter: Will generate dashboard in folder: D:\EclipseDirectory\OpenSourceWorkSpace\jmeter-demo\output\2017-04-24_163853
2017-04-24 16:39:24,665 INFO o.a.j.r.d.HtmlTemplateExporter: Report will be generated in: D:\EclipseDirectory\OpenSourceWorkSpace\jmeter-demo\output\2017-04-24_163853, creating folder structure
2017-04-24 16:39:25,122 INFO o.a.j.JMeter: Dashboard generated
